[flutter.dev/docs/get-started/install.html]
[backblue.gif]
[fade.gif]
[index.html]
[flutter.dev/images/favicon.png]
[www.googleoptimize.com/optimize6db8.js]
[flutter.dev/assets/main-d4caf434e39af4e6f00278148419771910a18160f860f87288b5242c317d5bc7.css]
[cdnjs.cloudflare.com/ajax/libs/clipboard.js/2.0.0/clipboard.min.js]
[flutter.dev/assets/main-80cad90e0a61441d0b127f8f6820adacf33a1688ba524ab8178659f5b333003f.js]
[www.google-analytics.com/analytics.js]
[flutter.dev/docs/get-started/editor.html]
[flutter.dev/docs/get-started/test-drive.html]
[flutter.dev/assets/flutter-lockup-1caf6476beed76adec3c477586da54de6b552b2f42108ec5bc68dc63bae2df75.png]
[flutter.dev/docs/get-started/learn-more.html]
[flutter.dev/docs/get-started/codelab.html]
[flutter.dev/docs/get-started/flutter-for/android-devs.html]
[flutter.dev/docs/get-started/flutter-for/ios-devs.html]
[flutter.dev/docs/get-started/flutter-for/react-native-devs.html]
[flutter.dev/docs/get-started/flutter-for/web-devs.html]
[flutter.dev/docs/get-started/flutter-for/xamarin-forms-devs.html]
[flutter.dev/docs/get-started/flutter-for/declarative.html]
[flutter.dev/docs/get-started/web.html]
[flutter.dev/docs/get-started/install/windows.html]
[flutter.dev/docs/get-started/install/macos.html]
[flutter.dev/docs/get-started/install/linux.html]
[flutter.dev/docs/get-started/install/chromeos.html]
[flutter.dev/images/flutter-mono-81x100.png]
[flutter.dev/docs/get-started/install.html]
[www.googletagmanager.com/gtm5445.html]
[flutter.dev/assets/font-awesome/fa-solid-900-32501727bb23fc77615b1ec76b5f298ec22198c0f3d6a3e7d6fe4ac3cf315db9.eot]
[flutter.dev/assets/font-awesome/fa-solid-900-7f4d3fd0a705dbf8403298aad91d5de6972e6b5d536068eba8b24954a5a0a8c7.woff2]
[flutter.dev/assets/font-awesome/fa-solid-900-352f8ead280419dd953d2bc7843386bb9430e8152c2dbd2c2d2494f6b9567ee7.woff]
[flutter.dev/assets/font-awesome/fa-solid-900-231d68cefbc6846fb78cafca8467401a4f371e226418662e8900e3d52adc00ab.ttf]
[flutter.dev/assets/font-awesome/fa-solid-900-e768539808757f7eec20f09c9ee9b36b0e6c5636e90c9ee697995cbbc6ee0555.svg]
[flutter.dev/assets/font-awesome/fa-regular-400-01f4416f5db59e2dd6b6fbd9dc32336d99db18f7eb623a49f584d04afd279473.eot]
[flutter.dev/assets/font-awesome/fa-regular-400-6a8c8e9e1e7f692c21af1956de163f3d026778e6449fe93a09a671847ca1ae65.woff2]
[flutter.dev/assets/font-awesome/fa-regular-400-8e2d96198711b63752e5f2f5987b8ffc536df6156a065bdbe28cb7231cad793d.woff]
[flutter.dev/assets/font-awesome/fa-regular-400-f32b94a29060dfec0c797a1dfe111357eb1d682f1aca4ac4b95cf0f4c3e2bfa9.ttf]
[flutter.dev/assets/font-awesome/fa-regular-400-865fd23de13b1920280e182359579e09eff7a09eb24676eceec7552838559f55.svg]
[flutter.dev/assets/font-awesome/fa-brands-400-811e1577184066108ceca86d5a624a9012303df5206c5cb0b27d5e3fedcba5a3.eot]
[flutter.dev/assets/font-awesome/fa-brands-400-5d9190292acdd48ba0fc35080f7e7448f3cdf0d79199a4d23f0f49b5341fdf29.woff2]
[flutter.dev/assets/font-awesome/fa-brands-400-e836c5d5dfc13e18170c5bddefb4fdac7c65ac0ad43a4b431acdc4a98865a260.woff]
[flutter.dev/assets/font-awesome/fa-brands-400-a0c145382acfe59767d1487d6505f349665b685c2885cd91b621d141a292b0f8.ttf]
[flutter.dev/assets/font-awesome/fa-brands-400-02340ba1789d09bcc507563c89c4a847ba537bb8132082777a50519cf74bcb5b.svg]
[flutter.dev/assets/clock/hero/hero-circle-8d90a990f038430547d07699498d3ab0068e2cc030ada1faca0d8ed10be390a6.svg]
[flutter.dev/assets/clock/hero/hero-clock-81573480d502524a5df31e3099469ba8462423d558df21c709cd5060e4aa3fec.svg]
[flutter.dev/assets/clock/hero/hero-diamond-d26c8799abbd82d1dd99615991f357307d12c7b493ec8fdbc63290b19f315843.svg]
[flutter.dev/assets/clock/hero/hero-dots-6083cc1bc0003f920e18b765bf8d46fc3cb2088340aab853a23bf0fd4a1f8597.svg]
[flutter.dev/assets/clock/hero/hero-oval-3cd35fb7734b890588788570de32b7e9902c7d39c98a61a23b5451c2dd720ce0.svg]
[flutter.dev/assets/clock/wtm__background-bottom-a4b4b3d695415cd228d593d9d2ad891545c72b74e7d07c48783803b1c320bea5.svg]
[flutter.dev/assets/clock/wtm__background-top-2d3ae05095e8672d8605f41c2d8034cad4e57d0323a1de847cf48af794b58f7f.svg]
[flutter.dev/assets/clock/prizes__background-fd3e8ce8d197bd9e57c6d0c1c9cc1eb649b87c67fff906616f428c9bd2992626.svg]
[flutter.dev/assets/main-d4caf434e39af4e6f00278148419771910a18160f860f87288b5242c317d5bc7.css]
[flutter.dev/docs/get-started/editor.html]
[flutter.dev/assets/tools/android-studio/main-toolbar-8f8e4ce1c7a5ec70c4a288837aa3ea083fe03deef28d99567a391ef005a59c3f.png]
[flutter.dev/assets/get-started/ios/starter-app-5e284e57b8dce587ea1dfdac7da616e6ec9dc263a409a9a8f99cf836340f47b8.png]
[flutter.dev/assets/tools/vs-code/device_status_bar-10813b4c173018ee947124d4f222cb30b54133d4574a48138cb9ba8ef7030710.png]
[flutter.dev/docs/get-started/test-drive.html]
[cdnjs.cloudflare.com/ajax/libs/highlight.js/9.12.0/styles/github.min.css]
[cdnjs.cloudflare.com/ajax/libs/diff2html/2.4.0/diff2html.min.css]
[cdnjs.cloudflare.com/ajax/libs/diff2html/2.4.0/diff2html.min.js]
[cdnjs.cloudflare.com/ajax/libs/diff2html/2.4.0/diff2html-ui.min.js]
[cdnjs.cloudflare.com/ajax/libs/highlight.js/9.12.0/highlight.min.js]
[cdnjs.cloudflare.com/ajax/libs/highlight.js/9.12.0/languages/dart.min.js]
[cdnjs.cloudflare.com/ajax/libs/highlight.js/9.12.0/languages/yaml.min.js]
[flutter.dev/docs/get-started/codelab-web.html]
[flutter.dev/assets/get-started/android/hello-world-fadb9765c01d33f0fea92d7ac767e036ea90e9159335ea1841277bc6bef3a10a.png]
[flutter.dev/assets/get-started/ios/hello-world-ed7cf47213953bfca5eaa74fba63a78538d782f2c63a7c575068f3c2f7298bde.png]
[flutter.dev/assets/get-started/startup-namer-part-1-9db323d8383da0000c8be4e1a12e3d9ff6ab3a0eb8b86984451b329f1f3b4196.gif]
[flutter.dev/assets/get-started/android/step2-45e5a16e59926599e09b25b1c6d37372f77b69151cbebd070d2f94f657b1abde.png]
[flutter.dev/assets/get-started/ios/step2-de9da90d2a90351c8d651c50f345c822472dbcd93cd8bad099e4edf2aa499c43.png]
[flutter.dev/assets/get-started/android/step4-infinite-list-69f7c62bf16f67eaade07551db4b18b065d6c7a81e042a10cd34d31ecb7f2514.png]
[flutter.dev/assets/get-started/ios/step4-infinite-list-70ea9d8fd7191fb3726f1743bb03499815f93df4f42b687cfd7916052c35eb07.png]
[flutter.dev/docs/get-started/codelab.html]
[flutter.dev/assets/get-started/startup-namer-b85740ef920a57e28524f84e9c06cfb380128d10780e91eaf2c7613a56f3f511.gif]
[flutter.dev/docs/get-started/learn-more.html]
[flutter.dev/docs/get-started/flutter-for/android-devs.html]
[flutter.dev/docs/get-started/flutter-for/(https_/pub.dev/flutter]
[flutter.dev/docs/get-started/flutter-for/ios-devs.html]
[flutter.dev/assets/get-started/android/react-native/hello-world-basic-ed1ed2698fc492892552a8d719b0e124b7a50e2f8e0327f1548e2834b0aa515a.png]
[flutter.dev/assets/get-started/ios/react-native/hello-world-basic-1ba3dfcb9fcbee11f5307cde947ab29dd4f52683f311b049242a28fefb37412b.png]
[flutter.dev/assets/get-started/android/react-native/hello-world-198f4b19ca6d3dd72f6a17dd858814cc42cf2bc696f61d7f273be95818110777.png]
[flutter.dev/assets/get-started/ios/react-native/hello-world-ed7cf47213953bfca5eaa74fba63a78538d782f2c63a7c575068f3c2f7298bde.png]
[flutter.dev/assets/get-started/android/react-native/custom-cards-6bdba4664044a9e5328c0304a51c45fc2812bb37b3d0d57b0c93b98d5bab1f42.png]
[flutter.dev/assets/get-started/ios/react-native/custom-cards-47e3e1e3e73a0ce419eacbee11dc2f15b9acac9b5877c43cd1a783a792b519dc.png]
[flutter.dev/assets/get-started/android/react-native/flatlist-91d7c8beaadff16f52d663e94aae7b4c9959d1d811dd7f12ea2005a10e166d34.gif]
[flutter.dev/assets/get-started/ios/react-native/flatlist-2a18c0173248dd8bf250b29fab7e4cdbc917c27d90ac33c1c791ecb73463f3a5.gif]
[flutter.dev/assets/get-started/android/react-native/canvas-cf039fc10bae17fb60b21adb4228eb928b2bf284f95fee71c5a20033c217e333.png]
[flutter.dev/assets/get-started/ios/react-native/canvas-2cc207759f6ab912bf73e1c3298dc2183618ef207ed989f4d83f6c08fd3a3279.png]
[flutter.dev/assets/get-started/android/react-native/basic-layout-2490ba3bed87bbf579b422977dcaa34f51a5b77dab53abbd460028acda33a000.gif]
[flutter.dev/assets/get-started/ios/react-native/basic-layout-bb720a0054daf418b7bafb40619c490933b730f9e45bd9003254ea9d80d6c163.gif]
[flutter.dev/assets/get-started/android/react-native/stack-65e0c9e7fc3db73d80d3943f6e88fc788819b1ab4c1354c11e4711298e26ecd0.png]
[flutter.dev/assets/get-started/ios/react-native/stack-04b7bf2727e1eb71f5dfea8430ee833f24be1ced1893ae86270795b2ab76c5b9.png]
[flutter.dev/assets/get-started/android/react-native/flutterstyling-10cfb607a02859b2a1e9767237029b3cc47891fd017bd70d84536de26383b39c.gif]
[flutter.dev/assets/get-started/ios/react-native/flutterstyling-8b812e5226435b0db6f72b4f2f03a7c72b45bf0794965a0bee882fea909fc7b8.gif]
[flutter.dev/assets/get-started/android/react-native/state-change-f7c0c14b9e1e2685b25c9e42f42a8d35ea9be544bbae3849579283bc631d9e26.gif]
[flutter.dev/assets/get-started/ios/react-native/state-change-f25a8c982e6cddbb81b069c8e2acb9de5cb62c66bba2be2ff79e08269d4e6add.gif]
[flutter.dev/assets/get-started/android/react-native/modular-6bdba4664044a9e5328c0304a51c45fc2812bb37b3d0d57b0c93b98d5bab1f42.png]
[flutter.dev/assets/get-started/ios/react-native/modular-47e3e1e3e73a0ce419eacbee11dc2f15b9acac9b5877c43cd1a783a792b519dc.png]
[flutter.dev/docs/get-started/flutter-for/(https_/api.flutter.dev/flutter/widgets/Navigator/of.html]
[flutter.dev/assets/get-started/android/react-native/navigation-98906732ed22d9aa8e0ce0eb846dbcc7d24c123ad026c359f9f7fcc44ba99230.gif]
[flutter.dev/assets/get-started/ios/react-native/navigation-1939f60628bec820bad0fe88d58c562984c1c00d8cfd755a4135f4321a37417e.gif]
[flutter.dev/assets/get-started/android/react-native/flutter-gestures-b13848f4fe7f96b49f3dc482c39a6404d0b55a1551552acbecce8f9f82f8f7d5.gif]
[flutter.dev/assets/get-started/ios/react-native/flutter-gestures-0e5609c5c5f7c14da61ac3167ff4ad613fa2dd478a5dd34caa86e6ce400995b2.gif]
[flutter.dev/assets/get-started/android/react-native/api-calls-cc7facae45f34d20c206b107f53ff8469fbe73f8fc336d354c17a27a5af961ac.gif]
[flutter.dev/assets/get-started/ios/react-native/api-calls-692bd55429656c9adc8b93074c35f88e5a550d7ca97485616108951baa7244dc.gif]
[flutter.dev/assets/get-started/ios/react-native/input-fields-67200333d1b28999ef956d0352962ea96f25a3c232f3aaa2fb90c735b244368a.gif]
[flutter.dev/assets/get-started/android/react-native/flutter-fade-241787290a9da1d7406516a96845a65c42c97b5a8219f4ff29f0c3412ab281ba.gif]
[flutter.dev/assets/get-started/ios/react-native/flutter-fade-2596d382757ecf7c4a2db020871d715da585db9fabed9956cbff6ef011b2786b.gif]
[flutter.dev/assets/get-started/android/react-native/input-fields-0ebf3d566d9cd0e9ce79200ff08ec5dfcb3954c476e011e20c0bba7bcc33cf86.gif]
[flutter.dev/assets/get-started/android/react-native/card-swipe-20a57fe25c2e274bfbe0e9f3d4d1aebd5443fc9d2ce81bd6e9d2588e94e28b16.gif]
[flutter.dev/docs/get-started/flutter-for/react-native-devs.html]
[flutter.dev/docs/get-started/flutter-for/web-devs.html]
[flutter.dev/assets/get-started/ios/react-native/card-swipe-ed0bd70d7698b81793f2a44bea69ddf51be44ac486e8410961aabff16176e3ce.gif]
[flutter.dev/docs/get-started/flutter-for/xamarin-forms-devs.html]
[flutter.dev/images/declarativeUIchanges.png]
[flutter.dev/docs/get-started/flutter-for/declarative.html]
[flutter.dev/docs/get-started/web.html]
[flutter.dev/docs/get-started/install/index.html]
[flutter.dev/docs/get-started/install/windows.html]
[flutter.dev/images/setup/xcode-account.png]
[flutter.dev/images/setup/trust-computer.png]
[flutter.dev/docs/get-started/install/macos.html]
[flutter.dev/images/setup/xcode-unique-bundle-id.png]
[flutter.dev/docs/get-started/install/linux.html]
[flutter.dev/docs/get-started/install/chromeos.html]
[flutter.dev/assets/font-awesome/fa-solid-900-e768539808757f7eec20f09c9ee9b36b0e6c5636e90c9ee697995cbbc6ee0555.svg]
[flutter.dev/assets/font-awesome/fa-regular-400-865fd23de13b1920280e182359579e09eff7a09eb24676eceec7552838559f55.svg]
[flutter.dev/assets/font-awesome/fa-brands-400-02340ba1789d09bcc507563c89c4a847ba537bb8132082777a50519cf74bcb5b.svg]
[flutter.dev/assets/clock/hero/hero-circle-8d90a990f038430547d07699498d3ab0068e2cc030ada1faca0d8ed10be390a6.svg]
[flutter.dev/assets/clock/hero/hero-clock-81573480d502524a5df31e3099469ba8462423d558df21c709cd5060e4aa3fec.svg]
[flutter.dev/assets/clock/hero/hero-diamond-d26c8799abbd82d1dd99615991f357307d12c7b493ec8fdbc63290b19f315843.svg]
[flutter.dev/assets/clock/hero/hero-dots-6083cc1bc0003f920e18b765bf8d46fc3cb2088340aab853a23bf0fd4a1f8597.svg]
[flutter.dev/assets/clock/hero/hero-oval-3cd35fb7734b890588788570de32b7e9902c7d39c98a61a23b5451c2dd720ce0.svg]
[flutter.dev/assets/clock/wtm__background-bottom-a4b4b3d695415cd228d593d9d2ad891545c72b74e7d07c48783803b1c320bea5.svg]
[flutter.dev/assets/clock/wtm__background-top-2d3ae05095e8672d8605f41c2d8034cad4e57d0323a1de847cf48af794b58f7f.svg]
[flutter.dev/assets/clock/prizes__background-fd3e8ce8d197bd9e57c6d0c1c9cc1eb649b87c67fff906616f428c9bd2992626.svg]
[cdnjs.cloudflare.com/ajax/libs/highlight.js/9.12.0/styles/github.min.css]
[cdnjs.cloudflare.com/ajax/libs/diff2html/2.4.0/diff2html.min.css]
[dartpad.dev/inject_embed.dart.js]
[flutter.dev/assets/get-started/devtools-launch-screen-f5582b61bf237f99618e502726db487b6a28bcc0aecad1747ca8c07b6a6f5979.png]
[flutter.dev/assets/get-started/sign-up-d0da8b98f2408e0881bc5110fc59b9d2cebcc494dd0311a5fc3177807ee71768.gif]
[flutter.dev/assets/get-started/devtools-running-96a7a172b21021d6a1920f9577302e07f1019d277858312c89bc5271e71fe20e.png]
[flutter.dev/assets/get-started/intellij-devtools-f507943a302f082d117f8c6dd1a0fd0ec5503225bdbd7e5b898b88811c2f84b8.png]
[flutter.dev/docs/get-started/codelab-web.html]
[flutter.dev/docs/get-started/flutter-for/(https_/pub.dev/flutter.html]
[flutter.dev/docs/get-started/flutter-for/(https_/api.flutter.dev/flutter/widgets/Navigator/of.html]
[flutter.dev/assets/get-started/devtools-debugging-82a18253065ba85b1b5351ce9bd0430108e9ff7d18ed63a894be95df2671d825.png]
